{"C:\\Users\\samues4\\Desktop\\PollBuddy\\PollBuddy-Server\\backend\\models\\User.js": {"path":"C:\\Users\\samues4\\Desktop\\PollBuddy\\PollBuddy-Server\\backend\\models\\User.js","statementMap":{"0":{"start":{"line":1,"column":12},"end":{"line":1,"column":26}},"1":{"start":{"line":2,"column":13},"end":{"line":2,"column":28}},"2":{"start":{"line":3,"column":15},"end":{"line":3,"column":32}},"3":{"start":{"line":5,"column":24},"end":{"line":5,"column":64}},"4":{"start":{"line":6,"column":53},"end":{"line":6,"column":80}},"5":{"start":{"line":8,"column":19},"end":{"line":14,"column":1}},"6":{"start":{"line":16,"column":27},"end":{"line":20,"column":2}},"7":{"start":{"line":22,"column":33},"end":{"line":25,"column":2}},"8":{"start":{"line":27,"column":30},"end":{"line":27,"column":81}},"9":{"start":{"line":29,"column":19},"end":{"line":41,"column":1}},"10":{"start":{"line":43,"column":16},"end":{"line":64,"column":1}},"11":{"start":{"line":45,"column":2},"end":{"line":49,"column":3}},"12":{"start":{"line":46,"column":17},"end":{"line":46,"column":42}},"13":{"start":{"line":48,"column":4},"end":{"line":48,"column":91}},"14":{"start":{"line":51,"column":15},"end":{"line":51,"column":91}},"15":{"start":{"line":52,"column":2},"end":{"line":63,"column":3}},"16":{"start":{"line":54,"column":4},"end":{"line":59,"column":8}},"17":{"start":{"line":62,"column":4},"end":{"line":62,"column":91}},"18":{"start":{"line":66,"column":22},"end":{"line":82,"column":1}},"19":{"start":{"line":68,"column":2},"end":{"line":72,"column":3}},"20":{"start":{"line":69,"column":17},"end":{"line":69,"column":42}},"21":{"start":{"line":71,"column":4},"end":{"line":71,"column":91}},"22":{"start":{"line":74,"column":15},"end":{"line":74,"column":91}},"23":{"start":{"line":75,"column":2},"end":{"line":81,"column":3}},"24":{"start":{"line":77,"column":4},"end":{"line":77,"column":46}},"25":{"start":{"line":80,"column":4},"end":{"line":80,"column":91}},"26":{"start":{"line":85,"column":17},"end":{"line":147,"column":1}},"27":{"start":{"line":86,"column":2},"end":{"line":90,"column":3}},"28":{"start":{"line":87,"column":17},"end":{"line":87,"column":42}},"29":{"start":{"line":89,"column":4},"end":{"line":89,"column":91}},"30":{"start":{"line":92,"column":16},"end":{"line":92,"column":59}},"31":{"start":{"line":93,"column":15},"end":{"line":93,"column":53}},"32":{"start":{"line":95,"column":2},"end":{"line":97,"column":3}},"33":{"start":{"line":96,"column":4},"end":{"line":96,"column":78}},"34":{"start":{"line":99,"column":22},"end":{"line":113,"column":4}},"35":{"start":{"line":115,"column":17},"end":{"line":115,"column":45}},"36":{"start":{"line":116,"column":2},"end":{"line":118,"column":3}},"37":{"start":{"line":117,"column":4},"end":{"line":117,"column":80}},"38":{"start":{"line":120,"column":2},"end":{"line":126,"column":5}},"39":{"start":{"line":121,"column":4},"end":{"line":125,"column":5}},"40":{"start":{"line":122,"column":6},"end":{"line":122,"column":36}},"41":{"start":{"line":123,"column":11},"end":{"line":125,"column":5}},"42":{"start":{"line":124,"column":6},"end":{"line":124,"column":37}},"43":{"start":{"line":129,"column":2},"end":{"line":135,"column":3}},"44":{"start":{"line":130,"column":4},"end":{"line":134,"column":5}},"45":{"start":{"line":131,"column":6},"end":{"line":131,"column":46}},"46":{"start":{"line":133,"column":6},"end":{"line":133,"column":89}},"47":{"start":{"line":137,"column":2},"end":{"line":139,"column":3}},"48":{"start":{"line":138,"column":4},"end":{"line":138,"column":62}},"49":{"start":{"line":141,"column":2},"end":{"line":144,"column":7}},"50":{"start":{"line":143,"column":6},"end":{"line":143,"column":80}},"51":{"start":{"line":146,"column":2},"end":{"line":146,"column":25}},"52":{"start":{"line":149,"column":0},"end":{"line":157,"column":2}}},"fnMap":{"0":{"name":"(anonymous_0)","decl":{"start":{"line":43,"column":16},"end":{"line":43,"column":17}},"loc":{"start":{"line":43,"column":39},"end":{"line":64,"column":1}},"line":43},"1":{"name":"(anonymous_1)","decl":{"start":{"line":66,"column":22},"end":{"line":66,"column":23}},"loc":{"start":{"line":66,"column":45},"end":{"line":82,"column":1}},"line":66},"2":{"name":"(anonymous_2)","decl":{"start":{"line":85,"column":17},"end":{"line":85,"column":18}},"loc":{"start":{"line":85,"column":53},"end":{"line":147,"column":1}},"line":85},"3":{"name":"(anonymous_3)","decl":{"start":{"line":120,"column":41},"end":{"line":120,"column":42}},"loc":{"start":{"line":120,"column":50},"end":{"line":126,"column":3}},"line":120},"4":{"name":"(anonymous_4)","decl":{"start":{"line":142,"column":11},"end":{"line":142,"column":12}},"loc":{"start":{"line":142,"column":17},"end":{"line":144,"column":5}},"line":142}},"branchMap":{"0":{"loc":{"start":{"line":52,"column":2},"end":{"line":63,"column":3}},"type":"if","locations":[{"start":{"line":52,"column":2},"end":{"line":63,"column":3}},{"start":{"line":60,"column":9},"end":{"line":63,"column":3}}],"line":52},"1":{"loc":{"start":{"line":75,"column":2},"end":{"line":81,"column":3}},"type":"if","locations":[{"start":{"line":75,"column":2},"end":{"line":81,"column":3}},{"start":{"line":78,"column":9},"end":{"line":81,"column":3}}],"line":75},"2":{"loc":{"start":{"line":95,"column":2},"end":{"line":97,"column":3}},"type":"if","locations":[{"start":{"line":95,"column":2},"end":{"line":97,"column":3}},{"start":{},"end":{}}],"line":95},"3":{"loc":{"start":{"line":116,"column":2},"end":{"line":118,"column":3}},"type":"if","locations":[{"start":{"line":116,"column":2},"end":{"line":118,"column":3}},{"start":{},"end":{}}],"line":116},"4":{"loc":{"start":{"line":116,"column":6},"end":{"line":116,"column":90}},"type":"binary-expr","locations":[{"start":{"line":116,"column":6},"end":{"line":116,"column":35}},{"start":{"line":116,"column":39},"end":{"line":116,"column":90}}],"line":116},"5":{"loc":{"start":{"line":121,"column":4},"end":{"line":125,"column":5}},"type":"if","locations":[{"start":{"line":121,"column":4},"end":{"line":125,"column":5}},{"start":{"line":123,"column":11},"end":{"line":125,"column":5}}],"line":121},"6":{"loc":{"start":{"line":121,"column":8},"end":{"line":121,"column":102}},"type":"binary-expr","locations":[{"start":{"line":121,"column":8},"end":{"line":121,"column":62}},{"start":{"line":121,"column":66},"end":{"line":121,"column":102}}],"line":121},"7":{"loc":{"start":{"line":123,"column":11},"end":{"line":125,"column":5}},"type":"if","locations":[{"start":{"line":123,"column":11},"end":{"line":125,"column":5}},{"start":{},"end":{}}],"line":123},"8":{"loc":{"start":{"line":129,"column":2},"end":{"line":135,"column":3}},"type":"if","locations":[{"start":{"line":129,"column":2},"end":{"line":135,"column":3}},{"start":{},"end":{}}],"line":129},"9":{"loc":{"start":{"line":130,"column":4},"end":{"line":134,"column":5}},"type":"if","locations":[{"start":{"line":130,"column":4},"end":{"line":134,"column":5}},{"start":{"line":132,"column":11},"end":{"line":134,"column":5}}],"line":130},"10":{"loc":{"start":{"line":137,"column":2},"end":{"line":139,"column":3}},"type":"if","locations":[{"start":{"line":137,"column":2},"end":{"line":139,"column":3}},{"start":{},"end":{}}],"line":137}},"s":{"0":1,"1":1,"2":1,"3":1,"4":1,"5":1,"6":1,"7":1,"8":1,"9":1,"10":1,"11":5,"12":5,"13":1,"14":4,"15":4,"16":4,"17":0,"18":1,"19":3,"20":3,"21":1,"22":2,"23":2,"24":2,"25":0,"26":1,"27":7,"28":7,"29":1,"30":6,"31":6,"32":6,"33":0,"34":6,"35":6,"36":6,"37":2,"38":6,"39":36,"40":14,"41":22,"42":8,"43":6,"44":6,"45":2,"46":4,"47":6,"48":4,"49":2,"50":0,"51":2,"52":1},"f":{"0":5,"1":3,"2":7,"3":36,"4":0},"b":{"0":[4,0],"1":[2,0],"2":[0,6],"3":[2,4],"4":[6,6],"5":[14,22],"6":[36,30],"7":[8,14],"8":[6,0],"9":[2,4],"10":[4,2]},"_coverageSchema":"1a1c01bbd47fc00a2c39e90264f33305004495a9","hash":"912ca959bed16ed11a9e3dcc726a6cb07f8c42c4"}
,"C:\\Users\\samues4\\Desktop\\PollBuddy\\PollBuddy-Server\\backend\\modules\\mongoConnection.js": {"path":"C:\\Users\\samues4\\Desktop\\PollBuddy\\PollBuddy-Server\\backend\\modules\\mongoConnection.js","statementMap":{"0":{"start":{"line":1,"column":14},"end":{"line":1,"column":32}},"1":{"start":{"line":2,"column":20},"end":{"line":2,"column":37}},"2":{"start":{"line":13,"column":2},"end":{"line":13,"column":76}},"3":{"start":{"line":14,"column":2},"end":{"line":14,"column":73}},"4":{"start":{"line":15,"column":2},"end":{"line":15,"column":85}},"5":{"start":{"line":16,"column":2},"end":{"line":16,"column":81}},"6":{"start":{"line":17,"column":2},"end":{"line":17,"column":81}},"7":{"start":{"line":23,"column":2},"end":{"line":27,"column":5}},"8":{"start":{"line":24,"column":4},"end":{"line":26,"column":7}},"9":{"start":{"line":25,"column":6},"end":{"line":25,"column":112}},"10":{"start":{"line":28,"column":2},"end":{"line":32,"column":5}},"11":{"start":{"line":29,"column":4},"end":{"line":31,"column":7}},"12":{"start":{"line":30,"column":6},"end":{"line":30,"column":159}},"13":{"start":{"line":33,"column":2},"end":{"line":37,"column":5}},"14":{"start":{"line":34,"column":4},"end":{"line":36,"column":7}},"15":{"start":{"line":35,"column":6},"end":{"line":35,"column":106}},"16":{"start":{"line":38,"column":2},"end":{"line":42,"column":5}},"17":{"start":{"line":39,"column":4},"end":{"line":41,"column":7}},"18":{"start":{"line":40,"column":6},"end":{"line":40,"column":153}},"19":{"start":{"line":46,"column":2},"end":{"line":50,"column":5}},"20":{"start":{"line":47,"column":4},"end":{"line":49,"column":7}},"21":{"start":{"line":48,"column":6},"end":{"line":48,"column":102}},"22":{"start":{"line":51,"column":2},"end":{"line":55,"column":5}},"23":{"start":{"line":52,"column":4},"end":{"line":54,"column":7}},"24":{"start":{"line":53,"column":6},"end":{"line":53,"column":94}},"25":{"start":{"line":56,"column":2},"end":{"line":60,"column":5}},"26":{"start":{"line":57,"column":4},"end":{"line":59,"column":7}},"27":{"start":{"line":58,"column":6},"end":{"line":58,"column":94}},"28":{"start":{"line":63,"column":0},"end":{"line":118,"column":2}},"29":{"start":{"line":67,"column":4},"end":{"line":67,"column":10}},"30":{"start":{"line":70,"column":6},"end":{"line":70,"column":51}},"31":{"start":{"line":71,"column":6},"end":{"line":85,"column":9}},"32":{"start":{"line":72,"column":8},"end":{"line":84,"column":9}},"33":{"start":{"line":73,"column":10},"end":{"line":73,"column":81}},"34":{"start":{"line":74,"column":10},"end":{"line":76,"column":19}},"35":{"start":{"line":75,"column":12},"end":{"line":75,"column":18}},"36":{"start":{"line":78,"column":10},"end":{"line":78,"column":46}},"37":{"start":{"line":79,"column":10},"end":{"line":79,"column":44}},"38":{"start":{"line":81,"column":10},"end":{"line":83,"column":13}},"39":{"start":{"line":82,"column":12},"end":{"line":82,"column":27}},"40":{"start":{"line":89,"column":4},"end":{"line":91,"column":7}},"41":{"start":{"line":90,"column":6},"end":{"line":90,"column":21}},"42":{"start":{"line":94,"column":4},"end":{"line":94,"column":21}},"43":{"start":{"line":97,"column":4},"end":{"line":97,"column":18}},"44":{"start":{"line":100,"column":4},"end":{"line":100,"column":13}},"45":{"start":{"line":103,"column":4},"end":{"line":103,"column":14}},"46":{"start":{"line":106,"column":4},"end":{"line":106,"column":17}},"47":{"start":{"line":110,"column":4},"end":{"line":115,"column":5}},"48":{"start":{"line":112,"column":6},"end":{"line":114,"column":7}},"49":{"start":{"line":113,"column":8},"end":{"line":113,"column":20}},"50":{"start":{"line":116,"column":4},"end":{"line":116,"column":17}}},"fnMap":{"0":{"name":"createIndexes","decl":{"start":{"line":10,"column":15},"end":{"line":10,"column":28}},"loc":{"start":{"line":10,"column":31},"end":{"line":61,"column":1}},"line":10},"1":{"name":"(anonymous_1)","decl":{"start":{"line":13,"column":61},"end":{"line":13,"column":62}},"loc":{"start":{"line":13,"column":72},"end":{"line":13,"column":74}},"line":13},"2":{"name":"(anonymous_2)","decl":{"start":{"line":14,"column":58},"end":{"line":14,"column":59}},"loc":{"start":{"line":14,"column":69},"end":{"line":14,"column":71}},"line":14},"3":{"name":"(anonymous_3)","decl":{"start":{"line":15,"column":70},"end":{"line":15,"column":71}},"loc":{"start":{"line":15,"column":81},"end":{"line":15,"column":83}},"line":15},"4":{"name":"(anonymous_4)","decl":{"start":{"line":16,"column":66},"end":{"line":16,"column":67}},"loc":{"start":{"line":16,"column":77},"end":{"line":16,"column":79}},"line":16},"5":{"name":"(anonymous_5)","decl":{"start":{"line":17,"column":66},"end":{"line":17,"column":67}},"loc":{"start":{"line":17,"column":77},"end":{"line":17,"column":79}},"line":17},"6":{"name":"(anonymous_6)","decl":{"start":{"line":23,"column":114},"end":{"line":23,"column":115}},"loc":{"start":{"line":23,"column":125},"end":{"line":27,"column":3}},"line":23},"7":{"name":"(anonymous_7)","decl":{"start":{"line":24,"column":74},"end":{"line":24,"column":75}},"loc":{"start":{"line":24,"column":85},"end":{"line":26,"column":5}},"line":24},"8":{"name":"(anonymous_8)","decl":{"start":{"line":28,"column":161},"end":{"line":28,"column":162}},"loc":{"start":{"line":28,"column":172},"end":{"line":32,"column":3}},"line":28},"9":{"name":"(anonymous_9)","decl":{"start":{"line":29,"column":76},"end":{"line":29,"column":77}},"loc":{"start":{"line":29,"column":87},"end":{"line":31,"column":5}},"line":29},"10":{"name":"(anonymous_10)","decl":{"start":{"line":33,"column":108},"end":{"line":33,"column":109}},"loc":{"start":{"line":33,"column":119},"end":{"line":37,"column":3}},"line":33},"11":{"name":"(anonymous_11)","decl":{"start":{"line":34,"column":71},"end":{"line":34,"column":72}},"loc":{"start":{"line":34,"column":82},"end":{"line":36,"column":5}},"line":34},"12":{"name":"(anonymous_12)","decl":{"start":{"line":38,"column":155},"end":{"line":38,"column":156}},"loc":{"start":{"line":38,"column":166},"end":{"line":42,"column":3}},"line":38},"13":{"name":"(anonymous_13)","decl":{"start":{"line":39,"column":73},"end":{"line":39,"column":74}},"loc":{"start":{"line":39,"column":84},"end":{"line":41,"column":5}},"line":39},"14":{"name":"(anonymous_14)","decl":{"start":{"line":46,"column":104},"end":{"line":46,"column":105}},"loc":{"start":{"line":46,"column":115},"end":{"line":50,"column":3}},"line":46},"15":{"name":"(anonymous_15)","decl":{"start":{"line":47,"column":69},"end":{"line":47,"column":70}},"loc":{"start":{"line":47,"column":80},"end":{"line":49,"column":5}},"line":47},"16":{"name":"(anonymous_16)","decl":{"start":{"line":51,"column":96},"end":{"line":51,"column":97}},"loc":{"start":{"line":51,"column":107},"end":{"line":55,"column":3}},"line":51},"17":{"name":"(anonymous_17)","decl":{"start":{"line":52,"column":72},"end":{"line":52,"column":73}},"loc":{"start":{"line":52,"column":83},"end":{"line":54,"column":5}},"line":52},"18":{"name":"(anonymous_18)","decl":{"start":{"line":56,"column":96},"end":{"line":56,"column":97}},"loc":{"start":{"line":56,"column":107},"end":{"line":60,"column":3}},"line":56},"19":{"name":"(anonymous_19)","decl":{"start":{"line":57,"column":72},"end":{"line":57,"column":73}},"loc":{"start":{"line":57,"column":83},"end":{"line":59,"column":5}},"line":57},"20":{"name":"(anonymous_20)","decl":{"start":{"line":65,"column":11},"end":{"line":65,"column":12}},"loc":{"start":{"line":65,"column":30},"end":{"line":87,"column":3}},"line":65},"21":{"name":"con","decl":{"start":{"line":69,"column":13},"end":{"line":69,"column":16}},"loc":{"start":{"line":69,"column":19},"end":{"line":86,"column":5}},"line":69},"22":{"name":"(anonymous_22)","decl":{"start":{"line":71,"column":21},"end":{"line":71,"column":22}},"loc":{"start":{"line":71,"column":30},"end":{"line":85,"column":7}},"line":71},"23":{"name":"(anonymous_23)","decl":{"start":{"line":74,"column":21},"end":{"line":74,"column":22}},"loc":{"start":{"line":74,"column":33},"end":{"line":76,"column":11}},"line":74},"24":{"name":"(anonymous_24)","decl":{"start":{"line":81,"column":31},"end":{"line":81,"column":32}},"loc":{"start":{"line":81,"column":42},"end":{"line":83,"column":11}},"line":81},"25":{"name":"(anonymous_25)","decl":{"start":{"line":88,"column":14},"end":{"line":88,"column":15}},"loc":{"start":{"line":88,"column":33},"end":{"line":92,"column":3}},"line":88},"26":{"name":"(anonymous_26)","decl":{"start":{"line":89,"column":17},"end":{"line":89,"column":18}},"loc":{"start":{"line":89,"column":28},"end":{"line":91,"column":5}},"line":89},"27":{"name":"(anonymous_27)","decl":{"start":{"line":93,"column":13},"end":{"line":93,"column":14}},"loc":{"start":{"line":93,"column":31},"end":{"line":95,"column":3}},"line":93},"28":{"name":"(anonymous_28)","decl":{"start":{"line":96,"column":13},"end":{"line":96,"column":14}},"loc":{"start":{"line":96,"column":24},"end":{"line":98,"column":3}},"line":96},"29":{"name":"(anonymous_29)","decl":{"start":{"line":99,"column":9},"end":{"line":99,"column":10}},"loc":{"start":{"line":99,"column":22},"end":{"line":101,"column":3}},"line":99},"30":{"name":"(anonymous_30)","decl":{"start":{"line":102,"column":9},"end":{"line":102,"column":10}},"loc":{"start":{"line":102,"column":19},"end":{"line":104,"column":3}},"line":102},"31":{"name":"(anonymous_31)","decl":{"start":{"line":105,"column":12},"end":{"line":105,"column":13}},"loc":{"start":{"line":105,"column":22},"end":{"line":107,"column":3}},"line":105},"32":{"name":"(anonymous_32)","decl":{"start":{"line":108,"column":14},"end":{"line":108,"column":15}},"loc":{"start":{"line":108,"column":32},"end":{"line":117,"column":3}},"line":108}},"branchMap":{"0":{"loc":{"start":{"line":72,"column":8},"end":{"line":84,"column":9}},"type":"if","locations":[{"start":{"line":72,"column":8},"end":{"line":84,"column":9}},{"start":{"line":77,"column":15},"end":{"line":84,"column":9}}],"line":72},"1":{"loc":{"start":{"line":110,"column":4},"end":{"line":115,"column":5}},"type":"if","locations":[{"start":{"line":110,"column":4},"end":{"line":115,"column":5}},{"start":{},"end":{}}],"line":110},"2":{"loc":{"start":{"line":110,"column":7},"end":{"line":110,"column":61}},"type":"binary-expr","locations":[{"start":{"line":110,"column":7},"end":{"line":110,"column":23}},{"start":{"line":110,"column":27},"end":{"line":110,"column":42}},{"start":{"line":110,"column":46},"end":{"line":110,"column":61}}],"line":110},"3":{"loc":{"start":{"line":112,"column":6},"end":{"line":114,"column":7}},"type":"if","locations":[{"start":{"line":112,"column":6},"end":{"line":114,"column":7}},{"start":{},"end":{}}],"line":112}},"s":{"0":1,"1":1,"2":0,"3":0,"4":0,"5":0,"6":0,"7":0,"8":0,"9":0,"10":0,"11":0,"12":0,"13":0,"14":0,"15":0,"16":0,"17":0,"18":0,"19":0,"20":0,"21":0,"22":0,"23":0,"24":0,"25":0,"26":0,"27":0,"28":1,"29":0,"30":0,"31":0,"32":0,"33":0,"34":0,"35":0,"36":0,"37":0,"38":0,"39":0,"40":0,"41":0,"42":1,"43":0,"44":1,"45":86,"46":0,"47":0,"48":0,"49":0,"50":0},"f":{"0":0,"1":0,"2":0,"3":0,"4":0,"5":0,"6":0,"7":0,"8":0,"9":0,"10":0,"11":0,"12":0,"13":0,"14":0,"15":0,"16":0,"17":0,"18":0,"19":0,"20":0,"21":0,"22":0,"23":0,"24":0,"25":0,"26":0,"27":1,"28":0,"29":1,"30":86,"31":0,"32":0},"b":{"0":[0,0],"1":[0,0],"2":[0,0,0],"3":[0,0]},"_coverageSchema":"1a1c01bbd47fc00a2c39e90264f33305004495a9","hash":"c9c3fc5b65a687d0838b46719f15aac71660fb49"}
,"C:\\Users\\samues4\\Desktop\\PollBuddy\\PollBuddy-Server\\backend\\modules\\rpi.js": {"path":"C:\\Users\\samues4\\Desktop\\PollBuddy\\PollBuddy-Server\\backend\\modules\\rpi.js","statementMap":{"0":{"start":{"line":1,"column":26},"end":{"line":1,"column":63}},"1":{"start":{"line":4,"column":19},"end":{"line":4,"column":42}},"2":{"start":{"line":5,"column":0},"end":{"line":5,"column":67}},"3":{"start":{"line":7,"column":12},"end":{"line":14,"column":2}},"4":{"start":{"line":16,"column":0},"end":{"line":22,"column":2}}},"fnMap":{},"branchMap":{},"s":{"0":1,"1":1,"2":1,"3":1,"4":1},"f":{},"b":{},"_coverageSchema":"1a1c01bbd47fc00a2c39e90264f33305004495a9","hash":"faf4841cbb867fed1d4b718681623c1d6165620b"}
,"C:\\Users\\samues4\\Desktop\\PollBuddy\\PollBuddy-Server\\backend\\modules\\schoolList.js": {"path":"C:\\Users\\samues4\\Desktop\\PollBuddy\\PollBuddy-Server\\backend\\modules\\schoolList.js","statementMap":{"0":{"start":{"line":1,"column":11},"end":{"line":1,"column":13}},"1":{"start":{"line":3,"column":0},"end":{"line":10,"column":2}},"2":{"start":{"line":5,"column":4},"end":{"line":5,"column":33}},"3":{"start":{"line":8,"column":4},"end":{"line":8,"column":16}}},"fnMap":{"0":{"name":"(anonymous_0)","decl":{"start":{"line":4,"column":10},"end":{"line":4,"column":11}},"loc":{"start":{"line":4,"column":36},"end":{"line":6,"column":3}},"line":4},"1":{"name":"(anonymous_1)","decl":{"start":{"line":7,"column":11},"end":{"line":7,"column":12}},"loc":{"start":{"line":7,"column":21},"end":{"line":9,"column":3}},"line":7}},"branchMap":{},"s":{"0":1,"1":1,"2":1,"3":0},"f":{"0":1,"1":0},"b":{},"_coverageSchema":"1a1c01bbd47fc00a2c39e90264f33305004495a9","hash":"f854703610ae063d19945955cd5bfd55c913dd3d"}
,"C:\\Users\\samues4\\Desktop\\PollBuddy\\PollBuddy-Server\\backend\\modules\\utils.js": {"path":"C:\\Users\\samues4\\Desktop\\PollBuddy\\PollBuddy-Server\\backend\\modules\\utils.js","statementMap":{"0":{"start":{"line":1,"column":24},"end":{"line":1,"column":64}},"1":{"start":{"line":15,"column":18},"end":{"line":17,"column":3}},"2":{"start":{"line":18,"column":2},"end":{"line":20,"column":3}},"3":{"start":{"line":19,"column":4},"end":{"line":19,"column":24}},"4":{"start":{"line":21,"column":2},"end":{"line":23,"column":3}},"5":{"start":{"line":22,"column":4},"end":{"line":22,"column":26}},"6":{"start":{"line":24,"column":2},"end":{"line":24,"column":17}},"7":{"start":{"line":30,"column":2},"end":{"line":39,"column":3}},"8":{"start":{"line":31,"column":18},"end":{"line":31,"column":61}},"9":{"start":{"line":32,"column":16},"end":{"line":33,"column":37}},"10":{"start":{"line":34,"column":4},"end":{"line":36,"column":5}},"11":{"start":{"line":35,"column":6},"end":{"line":35,"column":19}},"12":{"start":{"line":38,"column":4},"end":{"line":38,"column":19}},"13":{"start":{"line":40,"column":2},"end":{"line":40,"column":14}},"14":{"start":{"line":45,"column":2},"end":{"line":45,"column":61}},"15":{"start":{"line":53,"column":13},"end":{"line":53,"column":53}},"16":{"start":{"line":54,"column":2},"end":{"line":56,"column":3}},"17":{"start":{"line":55,"column":4},"end":{"line":55,"column":69}},"18":{"start":{"line":57,"column":2},"end":{"line":57,"column":20}},"19":{"start":{"line":59,"column":2},"end":{"line":71,"column":3}},"20":{"start":{"line":60,"column":17},"end":{"line":60,"column":112}},"21":{"start":{"line":61,"column":4},"end":{"line":61,"column":22}},"22":{"start":{"line":62,"column":4},"end":{"line":67,"column":5}},"23":{"start":{"line":64,"column":6},"end":{"line":66,"column":7}},"24":{"start":{"line":65,"column":8},"end":{"line":65,"column":79}},"25":{"start":{"line":69,"column":4},"end":{"line":69,"column":19}},"26":{"start":{"line":70,"column":4},"end":{"line":70,"column":114}},"27":{"start":{"line":72,"column":2},"end":{"line":72,"column":9}},"28":{"start":{"line":78,"column":2},"end":{"line":82,"column":3}},"29":{"start":{"line":79,"column":4},"end":{"line":81,"column":5}},"30":{"start":{"line":80,"column":6},"end":{"line":80,"column":19}},"31":{"start":{"line":83,"column":2},"end":{"line":83,"column":52}},"32":{"start":{"line":87,"column":15},"end":{"line":87,"column":17}},"33":{"start":{"line":88,"column":2},"end":{"line":94,"column":3}},"34":{"start":{"line":89,"column":4},"end":{"line":93,"column":5}},"35":{"start":{"line":89,"column":17},"end":{"line":89,"column":18}},"36":{"start":{"line":90,"column":6},"end":{"line":92,"column":7}},"37":{"start":{"line":91,"column":8},"end":{"line":91,"column":59}},"38":{"start":{"line":95,"column":2},"end":{"line":95,"column":16}},"39":{"start":{"line":99,"column":14},"end":{"line":99,"column":39}},"40":{"start":{"line":100,"column":2},"end":{"line":104,"column":3}},"41":{"start":{"line":101,"column":4},"end":{"line":103,"column":5}},"42":{"start":{"line":102,"column":6},"end":{"line":102,"column":29}},"43":{"start":{"line":105,"column":2},"end":{"line":105,"column":15}},"44":{"start":{"line":108,"column":0},"end":{"line":116,"column":2}}},"fnMap":{"0":{"name":"createResponse","decl":{"start":{"line":14,"column":9},"end":{"line":14,"column":23}},"loc":{"start":{"line":14,"column":37},"end":{"line":25,"column":1}},"line":14},"1":{"name":"validateID","decl":{"start":{"line":29,"column":15},"end":{"line":29,"column":25}},"loc":{"start":{"line":29,"column":42},"end":{"line":41,"column":1}},"line":29},"2":{"name":"isLoggedIn","decl":{"start":{"line":44,"column":9},"end":{"line":44,"column":19}},"loc":{"start":{"line":44,"column":25},"end":{"line":46,"column":1}},"line":44},"3":{"name":"checkPollPublic","decl":{"start":{"line":51,"column":15},"end":{"line":51,"column":30}},"loc":{"start":{"line":51,"column":47},"end":{"line":73,"column":1}},"line":51},"4":{"name":"isEmpty","decl":{"start":{"line":77,"column":9},"end":{"line":77,"column":16}},"loc":{"start":{"line":77,"column":22},"end":{"line":84,"column":1}},"line":77},"5":{"name":"getResultErrors","decl":{"start":{"line":86,"column":9},"end":{"line":86,"column":24}},"loc":{"start":{"line":86,"column":33},"end":{"line":96,"column":1}},"line":86},"6":{"name":"createModel","decl":{"start":{"line":98,"column":9},"end":{"line":98,"column":20}},"loc":{"start":{"line":98,"column":34},"end":{"line":106,"column":1}},"line":98}},"branchMap":{"0":{"loc":{"start":{"line":16,"column":12},"end":{"line":16,"column":42}},"type":"cond-expr","locations":[{"start":{"line":16,"column":21},"end":{"line":16,"column":30}},{"start":{"line":16,"column":33},"end":{"line":16,"column":42}}],"line":16},"1":{"loc":{"start":{"line":18,"column":2},"end":{"line":20,"column":3}},"type":"if","locations":[{"start":{"line":18,"column":2},"end":{"line":20,"column":3}},{"start":{},"end":{}}],"line":18},"2":{"loc":{"start":{"line":21,"column":2},"end":{"line":23,"column":3}},"type":"if","locations":[{"start":{"line":21,"column":2},"end":{"line":23,"column":3}},{"start":{},"end":{}}],"line":21},"3":{"loc":{"start":{"line":34,"column":4},"end":{"line":36,"column":5}},"type":"if","locations":[{"start":{"line":34,"column":4},"end":{"line":36,"column":5}},{"start":{},"end":{}}],"line":34},"4":{"loc":{"start":{"line":45,"column":9},"end":{"line":45,"column":60}},"type":"binary-expr","locations":[{"start":{"line":45,"column":9},"end":{"line":45,"column":29}},{"start":{"line":45,"column":33},"end":{"line":45,"column":60}}],"line":45},"5":{"loc":{"start":{"line":54,"column":2},"end":{"line":56,"column":3}},"type":"if","locations":[{"start":{"line":54,"column":2},"end":{"line":56,"column":3}},{"start":{},"end":{}}],"line":54},"6":{"loc":{"start":{"line":62,"column":4},"end":{"line":67,"column":5}},"type":"if","locations":[{"start":{"line":62,"column":4},"end":{"line":67,"column":5}},{"start":{},"end":{}}],"line":62},"7":{"loc":{"start":{"line":64,"column":6},"end":{"line":66,"column":7}},"type":"if","locations":[{"start":{"line":64,"column":6},"end":{"line":66,"column":7}},{"start":{},"end":{}}],"line":64},"8":{"loc":{"start":{"line":79,"column":4},"end":{"line":81,"column":5}},"type":"if","locations":[{"start":{"line":79,"column":4},"end":{"line":81,"column":5}},{"start":{},"end":{}}],"line":79},"9":{"loc":{"start":{"line":88,"column":2},"end":{"line":94,"column":3}},"type":"if","locations":[{"start":{"line":88,"column":2},"end":{"line":94,"column":3}},{"start":{},"end":{}}],"line":88},"10":{"loc":{"start":{"line":90,"column":6},"end":{"line":92,"column":7}},"type":"if","locations":[{"start":{"line":90,"column":6},"end":{"line":92,"column":7}},{"start":{},"end":{}}],"line":90},"11":{"loc":{"start":{"line":101,"column":4},"end":{"line":103,"column":5}},"type":"if","locations":[{"start":{"line":101,"column":4},"end":{"line":103,"column":5}},{"start":{},"end":{}}],"line":101}},"s":{"0":1,"1":29,"2":29,"3":14,"4":29,"5":19,"6":29,"7":0,"8":0,"9":0,"10":0,"11":0,"12":0,"13":0,"14":8,"15":0,"16":0,"17":0,"18":0,"19":0,"20":0,"21":0,"22":0,"23":0,"24":0,"25":0,"26":0,"27":0,"28":9,"29":6,"30":6,"31":3,"32":9,"33":9,"34":2,"35":2,"36":2,"37":2,"38":9,"39":13,"40":13,"41":143,"42":89,"43":13,"44":1},"f":{"0":29,"1":0,"2":8,"3":0,"4":9,"5":9,"6":13},"b":{"0":[10,19],"1":[14,15],"2":[19,10],"3":[0,0],"4":[8,5],"5":[0,0],"6":[0,0],"7":[0,0],"8":[6,0],"9":[2,7],"10":[2,0],"11":[89,54]},"_coverageSchema":"1a1c01bbd47fc00a2c39e90264f33305004495a9","hash":"39e93c5937fc1f44666ca91495e3a89827bd0f1f"}
,"C:\\Users\\samues4\\Desktop\\PollBuddy\\PollBuddy-Server\\backend\\routes\\users.js": {"path":"C:\\Users\\samues4\\Desktop\\PollBuddy\\PollBuddy-Server\\backend\\routes\\users.js","statementMap":{"0":{"start":{"line":1,"column":18},"end":{"line":1,"column":40}},"1":{"start":{"line":2,"column":14},"end":{"line":2,"column":32}},"2":{"start":{"line":3,"column":13},"end":{"line":3,"column":29}},"3":{"start":{"line":4,"column":13},"end":{"line":4,"column":28}},"4":{"start":{"line":5,"column":13},"end":{"line":5,"column":30}},"5":{"start":{"line":6,"column":11},"end":{"line":6,"column":26}},"6":{"start":{"line":7,"column":12},"end":{"line":7,"column":26}},"7":{"start":{"line":9,"column":22},"end":{"line":9,"column":62}},"8":{"start":{"line":10,"column":12},"end":{"line":10,"column":37}},"9":{"start":{"line":11,"column":90},"end":{"line":11,"column":117}},"10":{"start":{"line":12,"column":126},"end":{"line":12,"column":154}},"11":{"start":{"line":23,"column":0},"end":{"line":25,"column":3}},"12":{"start":{"line":24,"column":2},"end":{"line":24,"column":78}},"13":{"start":{"line":37,"column":0},"end":{"line":39,"column":3}},"14":{"start":{"line":38,"column":2},"end":{"line":38,"column":78}},"15":{"start":{"line":51,"column":0},"end":{"line":53,"column":3}},"16":{"start":{"line":52,"column":2},"end":{"line":52,"column":102}},"17":{"start":{"line":70,"column":0},"end":{"line":171,"column":3}},"18":{"start":{"line":76,"column":22},"end":{"line":80,"column":27}},"19":{"start":{"line":83,"column":15},"end":{"line":83,"column":43}},"20":{"start":{"line":84,"column":2},"end":{"line":87,"column":3}},"21":{"start":{"line":85,"column":4},"end":{"line":85,"column":104}},"22":{"start":{"line":86,"column":4},"end":{"line":86,"column":107}},"23":{"start":{"line":89,"column":13},"end":{"line":89,"column":15}},"24":{"start":{"line":90,"column":2},"end":{"line":96,"column":3}},"25":{"start":{"line":91,"column":4},"end":{"line":91,"column":22}},"26":{"start":{"line":92,"column":9},"end":{"line":96,"column":3}},"27":{"start":{"line":93,"column":4},"end":{"line":93,"column":19}},"28":{"start":{"line":95,"column":4},"end":{"line":95,"column":78}},"29":{"start":{"line":99,"column":17},"end":{"line":153,"column":3}},"30":{"start":{"line":100,"column":4},"end":{"line":152,"column":5}},"31":{"start":{"line":102,"column":6},"end":{"line":102,"column":93}},"32":{"start":{"line":103,"column":6},"end":{"line":103,"column":25}},"33":{"start":{"line":104,"column":6},"end":{"line":104,"column":116}},"34":{"start":{"line":106,"column":11},"end":{"line":152,"column":5}},"35":{"start":{"line":108,"column":6},"end":{"line":108,"column":80}},"36":{"start":{"line":114,"column":6},"end":{"line":151,"column":7}},"37":{"start":{"line":116,"column":8},"end":{"line":116,"column":103}},"38":{"start":{"line":122,"column":8},"end":{"line":150,"column":9}},"39":{"start":{"line":123,"column":10},"end":{"line":123,"column":84}},"40":{"start":{"line":127,"column":10},"end":{"line":149,"column":13}},"41":{"start":{"line":128,"column":12},"end":{"line":148,"column":13}},"42":{"start":{"line":130,"column":14},"end":{"line":130,"column":39}},"43":{"start":{"line":131,"column":14},"end":{"line":131,"column":115}},"44":{"start":{"line":133,"column":19},"end":{"line":148,"column":13}},"45":{"start":{"line":135,"column":14},"end":{"line":135,"column":40}},"46":{"start":{"line":136,"column":14},"end":{"line":136,"column":55}},"47":{"start":{"line":139,"column":14},"end":{"line":143,"column":18}},"48":{"start":{"line":147,"column":14},"end":{"line":147,"column":88}},"49":{"start":{"line":156,"column":2},"end":{"line":169,"column":3}},"50":{"start":{"line":157,"column":4},"end":{"line":159,"column":17}},"51":{"start":{"line":161,"column":9},"end":{"line":169,"column":3}},"52":{"start":{"line":162,"column":4},"end":{"line":164,"column":17}},"53":{"start":{"line":168,"column":4},"end":{"line":168,"column":78}},"54":{"start":{"line":191,"column":0},"end":{"line":244,"column":3}},"55":{"start":{"line":197,"column":2},"end":{"line":242,"column":3}},"56":{"start":{"line":200,"column":4},"end":{"line":236,"column":7}},"57":{"start":{"line":203,"column":6},"end":{"line":235,"column":7}},"58":{"start":{"line":205,"column":8},"end":{"line":205,"column":108}},"59":{"start":{"line":206,"column":8},"end":{"line":206,"column":25}},"60":{"start":{"line":208,"column":8},"end":{"line":208,"column":129}},"61":{"start":{"line":214,"column":8},"end":{"line":214,"column":41}},"62":{"start":{"line":215,"column":8},"end":{"line":215,"column":36}},"63":{"start":{"line":217,"column":8},"end":{"line":234,"column":9}},"64":{"start":{"line":221,"column":10},"end":{"line":221,"column":98}},"65":{"start":{"line":227,"column":10},"end":{"line":227,"column":36}},"66":{"start":{"line":228,"column":10},"end":{"line":228,"column":51}},"67":{"start":{"line":231,"column":10},"end":{"line":233,"column":13}},"68":{"start":{"line":240,"column":4},"end":{"line":240,"column":110}},"69":{"start":{"line":241,"column":4},"end":{"line":241,"column":101}},"70":{"start":{"line":256,"column":0},"end":{"line":258,"column":3}},"71":{"start":{"line":257,"column":2},"end":{"line":257,"column":102}},"72":{"start":{"line":270,"column":0},"end":{"line":272,"column":3}},"73":{"start":{"line":271,"column":2},"end":{"line":271,"column":102}},"74":{"start":{"line":290,"column":0},"end":{"line":390,"column":3}},"75":{"start":{"line":291,"column":22},"end":{"line":297,"column":27}},"76":{"start":{"line":299,"column":15},"end":{"line":299,"column":43}},"77":{"start":{"line":300,"column":2},"end":{"line":302,"column":3}},"78":{"start":{"line":301,"column":4},"end":{"line":301,"column":30}},"79":{"start":{"line":304,"column":17},"end":{"line":304,"column":19}},"80":{"start":{"line":305,"column":2},"end":{"line":307,"column":3}},"81":{"start":{"line":306,"column":4},"end":{"line":306,"column":54}},"82":{"start":{"line":308,"column":2},"end":{"line":310,"column":3}},"83":{"start":{"line":309,"column":4},"end":{"line":309,"column":48}},"84":{"start":{"line":311,"column":2},"end":{"line":313,"column":3}},"85":{"start":{"line":312,"column":4},"end":{"line":312,"column":54}},"86":{"start":{"line":314,"column":2},"end":{"line":316,"column":3}},"87":{"start":{"line":315,"column":4},"end":{"line":315,"column":56}},"88":{"start":{"line":317,"column":2},"end":{"line":319,"column":3}},"89":{"start":{"line":318,"column":4},"end":{"line":318,"column":54}},"90":{"start":{"line":321,"column":2},"end":{"line":388,"column":3}},"91":{"start":{"line":325,"column":4},"end":{"line":384,"column":7}},"92":{"start":{"line":328,"column":6},"end":{"line":332,"column":7}},"93":{"start":{"line":329,"column":8},"end":{"line":329,"column":76}},"94":{"start":{"line":330,"column":8},"end":{"line":330,"column":27}},"95":{"start":{"line":331,"column":8},"end":{"line":331,"column":118}},"96":{"start":{"line":334,"column":17},"end":{"line":340,"column":8}},"97":{"start":{"line":342,"column":6},"end":{"line":383,"column":9}},"98":{"start":{"line":343,"column":8},"end":{"line":382,"column":9}},"99":{"start":{"line":345,"column":10},"end":{"line":367,"column":11}},"100":{"start":{"line":347,"column":12},"end":{"line":360,"column":13}},"101":{"start":{"line":349,"column":14},"end":{"line":349,"column":97}},"102":{"start":{"line":351,"column":19},"end":{"line":360,"column":13}},"103":{"start":{"line":353,"column":14},"end":{"line":353,"column":100}},"104":{"start":{"line":357,"column":14},"end":{"line":357,"column":96}},"105":{"start":{"line":358,"column":14},"end":{"line":358,"column":31}},"106":{"start":{"line":359,"column":14},"end":{"line":359,"column":124}},"107":{"start":{"line":364,"column":12},"end":{"line":364,"column":94}},"108":{"start":{"line":365,"column":12},"end":{"line":365,"column":29}},"109":{"start":{"line":366,"column":12},"end":{"line":366,"column":122}},"110":{"start":{"line":373,"column":10},"end":{"line":373,"column":36}},"111":{"start":{"line":374,"column":10},"end":{"line":374,"column":58}},"112":{"start":{"line":377,"column":10},"end":{"line":381,"column":14}},"113":{"start":{"line":387,"column":4},"end":{"line":387,"column":80}},"114":{"start":{"line":407,"column":0},"end":{"line":441,"column":3}},"115":{"start":{"line":417,"column":2},"end":{"line":439,"column":3}},"116":{"start":{"line":422,"column":4},"end":{"line":422,"column":34}},"117":{"start":{"line":423,"column":4},"end":{"line":423,"column":86}},"118":{"start":{"line":424,"column":4},"end":{"line":424,"column":85}},"119":{"start":{"line":427,"column":4},"end":{"line":427,"column":37}},"120":{"start":{"line":428,"column":4},"end":{"line":428,"column":32}},"121":{"start":{"line":431,"column":4},"end":{"line":432,"column":66}},"122":{"start":{"line":436,"column":4},"end":{"line":436,"column":117}},"123":{"start":{"line":438,"column":4},"end":{"line":438,"column":104}},"124":{"start":{"line":461,"column":0},"end":{"line":553,"column":3}},"125":{"start":{"line":469,"column":22},"end":{"line":472,"column":27}},"126":{"start":{"line":474,"column":15},"end":{"line":474,"column":43}},"127":{"start":{"line":475,"column":17},"end":{"line":475,"column":19}},"128":{"start":{"line":477,"column":2},"end":{"line":479,"column":3}},"129":{"start":{"line":478,"column":4},"end":{"line":478,"column":50}},"130":{"start":{"line":480,"column":2},"end":{"line":482,"column":3}},"131":{"start":{"line":481,"column":4},"end":{"line":481,"column":48}},"132":{"start":{"line":485,"column":2},"end":{"line":487,"column":3}},"133":{"start":{"line":486,"column":4},"end":{"line":486,"column":93}},"134":{"start":{"line":489,"column":2},"end":{"line":489,"column":56}},"135":{"start":{"line":490,"column":2},"end":{"line":490,"column":50}},"136":{"start":{"line":492,"column":2},"end":{"line":551,"column":3}},"137":{"start":{"line":494,"column":15},"end":{"line":501,"column":6}},"138":{"start":{"line":503,"column":4},"end":{"line":548,"column":7}},"139":{"start":{"line":504,"column":6},"end":{"line":547,"column":7}},"140":{"start":{"line":506,"column":8},"end":{"line":527,"column":9}},"141":{"start":{"line":508,"column":10},"end":{"line":521,"column":11}},"142":{"start":{"line":510,"column":12},"end":{"line":510,"column":95}},"143":{"start":{"line":512,"column":17},"end":{"line":521,"column":11}},"144":{"start":{"line":514,"column":12},"end":{"line":514,"column":98}},"145":{"start":{"line":518,"column":12},"end":{"line":518,"column":87}},"146":{"start":{"line":519,"column":12},"end":{"line":519,"column":29}},"147":{"start":{"line":520,"column":12},"end":{"line":520,"column":122}},"148":{"start":{"line":524,"column":10},"end":{"line":524,"column":80}},"149":{"start":{"line":525,"column":10},"end":{"line":525,"column":27}},"150":{"start":{"line":526,"column":10},"end":{"line":526,"column":120}},"151":{"start":{"line":534,"column":8},"end":{"line":534,"column":40}},"152":{"start":{"line":537,"column":8},"end":{"line":537,"column":34}},"153":{"start":{"line":538,"column":8},"end":{"line":538,"column":60}},"154":{"start":{"line":541,"column":8},"end":{"line":545,"column":12}},"155":{"start":{"line":550,"column":4},"end":{"line":550,"column":80}},"156":{"start":{"line":566,"column":0},"end":{"line":573,"column":3}},"157":{"start":{"line":569,"column":2},"end":{"line":569,"column":30}},"158":{"start":{"line":571,"column":2},"end":{"line":571,"column":83}},"159":{"start":{"line":585,"column":0},"end":{"line":587,"column":3}},"160":{"start":{"line":586,"column":2},"end":{"line":586,"column":102}},"161":{"start":{"line":599,"column":0},"end":{"line":605,"column":3}},"162":{"start":{"line":600,"column":2},"end":{"line":602,"column":3}},"163":{"start":{"line":601,"column":4},"end":{"line":601,"column":84}},"164":{"start":{"line":603,"column":17},"end":{"line":603,"column":59}},"165":{"start":{"line":604,"column":2},"end":{"line":604,"column":51}},"166":{"start":{"line":617,"column":0},"end":{"line":619,"column":3}},"167":{"start":{"line":618,"column":2},"end":{"line":618,"column":102}},"168":{"start":{"line":630,"column":0},"end":{"line":632,"column":3}},"169":{"start":{"line":631,"column":2},"end":{"line":631,"column":102}},"170":{"start":{"line":645,"column":0},"end":{"line":651,"column":3}},"171":{"start":{"line":646,"column":2},"end":{"line":648,"column":3}},"172":{"start":{"line":647,"column":4},"end":{"line":647,"column":84}},"173":{"start":{"line":649,"column":17},"end":{"line":649,"column":70}},"174":{"start":{"line":650,"column":2},"end":{"line":650,"column":51}},"175":{"start":{"line":663,"column":0},"end":{"line":669,"column":3}},"176":{"start":{"line":664,"column":2},"end":{"line":666,"column":3}},"177":{"start":{"line":665,"column":4},"end":{"line":665,"column":84}},"178":{"start":{"line":667,"column":17},"end":{"line":667,"column":65}},"179":{"start":{"line":668,"column":2},"end":{"line":668,"column":51}},"180":{"start":{"line":680,"column":0},"end":{"line":682,"column":3}},"181":{"start":{"line":681,"column":2},"end":{"line":681,"column":102}},"182":{"start":{"line":700,"column":0},"end":{"line":703,"column":3}},"183":{"start":{"line":701,"column":17},"end":{"line":701,"column":45}},"184":{"start":{"line":702,"column":2},"end":{"line":702,"column":51}},"185":{"start":{"line":715,"column":0},"end":{"line":717,"column":3}},"186":{"start":{"line":716,"column":2},"end":{"line":716,"column":102}},"187":{"start":{"line":729,"column":0},"end":{"line":731,"column":3}},"188":{"start":{"line":730,"column":2},"end":{"line":730,"column":102}},"189":{"start":{"line":745,"column":0},"end":{"line":748,"column":3}},"190":{"start":{"line":746,"column":17},"end":{"line":746,"column":56}},"191":{"start":{"line":747,"column":2},"end":{"line":747,"column":51}},"192":{"start":{"line":761,"column":0},"end":{"line":764,"column":3}},"193":{"start":{"line":762,"column":17},"end":{"line":762,"column":51}},"194":{"start":{"line":763,"column":2},"end":{"line":763,"column":51}},"195":{"start":{"line":776,"column":0},"end":{"line":778,"column":3}},"196":{"start":{"line":777,"column":2},"end":{"line":777,"column":102}},"197":{"start":{"line":780,"column":0},"end":{"line":780,"column":24}},"198":{"start":{"line":783,"column":0},"end":{"line":813,"column":2}},"199":{"start":{"line":785,"column":2},"end":{"line":787,"column":4}},"200":{"start":{"line":786,"column":4},"end":{"line":786,"column":49}},"201":{"start":{"line":791,"column":2},"end":{"line":810,"column":4}},"202":{"start":{"line":792,"column":4},"end":{"line":809,"column":5}},"203":{"start":{"line":793,"column":6},"end":{"line":795,"column":10}},"204":{"start":{"line":796,"column":6},"end":{"line":798,"column":7}},"205":{"start":{"line":797,"column":8},"end":{"line":797,"column":45}},"206":{"start":{"line":800,"column":6},"end":{"line":808,"column":9}},"207":{"start":{"line":801,"column":8},"end":{"line":807,"column":9}},"208":{"start":{"line":802,"column":10},"end":{"line":802,"column":31}},"209":{"start":{"line":804,"column":10},"end":{"line":806,"column":11}},"210":{"start":{"line":805,"column":12},"end":{"line":805,"column":35}},"211":{"start":{"line":812,"column":2},"end":{"line":812,"column":9}}},"fnMap":{"0":{"name":"(anonymous_0)","decl":{"start":{"line":23,"column":16},"end":{"line":23,"column":17}},"loc":{"start":{"line":23,"column":36},"end":{"line":25,"column":1}},"line":23},"1":{"name":"(anonymous_1)","decl":{"start":{"line":37,"column":17},"end":{"line":37,"column":18}},"loc":{"start":{"line":37,"column":37},"end":{"line":39,"column":1}},"line":37},"2":{"name":"(anonymous_2)","decl":{"start":{"line":51,"column":21},"end":{"line":51,"column":22}},"loc":{"start":{"line":51,"column":41},"end":{"line":53,"column":1}},"line":51},"3":{"name":"(anonymous_3)","decl":{"start":{"line":70,"column":22},"end":{"line":70,"column":23}},"loc":{"start":{"line":70,"column":42},"end":{"line":171,"column":1}},"line":70},"4":{"name":"(anonymous_4)","decl":{"start":{"line":99,"column":17},"end":{"line":99,"column":18}},"loc":{"start":{"line":99,"column":40},"end":{"line":153,"column":3}},"line":99},"5":{"name":"(anonymous_5)","decl":{"start":{"line":127,"column":61},"end":{"line":127,"column":62}},"loc":{"start":{"line":127,"column":96},"end":{"line":149,"column":11}},"line":127},"6":{"name":"(anonymous_6)","decl":{"start":{"line":191,"column":37},"end":{"line":191,"column":38}},"loc":{"start":{"line":191,"column":57},"end":{"line":244,"column":1}},"line":191},"7":{"name":"(anonymous_7)","decl":{"start":{"line":202,"column":7},"end":{"line":202,"column":8}},"loc":{"start":{"line":202,"column":24},"end":{"line":236,"column":5}},"line":202},"8":{"name":"(anonymous_8)","decl":{"start":{"line":256,"column":26},"end":{"line":256,"column":27}},"loc":{"start":{"line":256,"column":46},"end":{"line":258,"column":1}},"line":256},"9":{"name":"(anonymous_9)","decl":{"start":{"line":270,"column":24},"end":{"line":270,"column":25}},"loc":{"start":{"line":270,"column":44},"end":{"line":272,"column":1}},"line":270},"10":{"name":"(anonymous_10)","decl":{"start":{"line":290,"column":25},"end":{"line":290,"column":26}},"loc":{"start":{"line":290,"column":45},"end":{"line":390,"column":1}},"line":290},"11":{"name":"(anonymous_11)","decl":{"start":{"line":325,"column":39},"end":{"line":325,"column":40}},"loc":{"start":{"line":325,"column":62},"end":{"line":384,"column":5}},"line":325},"12":{"name":"(anonymous_12)","decl":{"start":{"line":342,"column":66},"end":{"line":342,"column":67}},"loc":{"start":{"line":342,"column":83},"end":{"line":383,"column":7}},"line":342},"13":{"name":"(anonymous_13)","decl":{"start":{"line":407,"column":40},"end":{"line":407,"column":41}},"loc":{"start":{"line":407,"column":60},"end":{"line":441,"column":1}},"line":407},"14":{"name":"(anonymous_14)","decl":{"start":{"line":461,"column":29},"end":{"line":461,"column":30}},"loc":{"start":{"line":461,"column":49},"end":{"line":553,"column":1}},"line":461},"15":{"name":"(anonymous_15)","decl":{"start":{"line":503,"column":64},"end":{"line":503,"column":65}},"loc":{"start":{"line":503,"column":81},"end":{"line":548,"column":5}},"line":503},"16":{"name":"(anonymous_16)","decl":{"start":{"line":566,"column":22},"end":{"line":566,"column":23}},"loc":{"start":{"line":566,"column":42},"end":{"line":573,"column":1}},"line":566},"17":{"name":"(anonymous_17)","decl":{"start":{"line":585,"column":23},"end":{"line":585,"column":24}},"loc":{"start":{"line":585,"column":43},"end":{"line":587,"column":1}},"line":585},"18":{"name":"(anonymous_18)","decl":{"start":{"line":599,"column":18},"end":{"line":599,"column":19}},"loc":{"start":{"line":599,"column":44},"end":{"line":605,"column":1}},"line":599},"19":{"name":"(anonymous_19)","decl":{"start":{"line":617,"column":19},"end":{"line":617,"column":20}},"loc":{"start":{"line":617,"column":39},"end":{"line":619,"column":1}},"line":617},"20":{"name":"(anonymous_20)","decl":{"start":{"line":630,"column":23},"end":{"line":630,"column":24}},"loc":{"start":{"line":630,"column":43},"end":{"line":632,"column":1}},"line":630},"21":{"name":"(anonymous_21)","decl":{"start":{"line":645,"column":24},"end":{"line":645,"column":25}},"loc":{"start":{"line":645,"column":50},"end":{"line":651,"column":1}},"line":645},"22":{"name":"(anonymous_22)","decl":{"start":{"line":663,"column":25},"end":{"line":663,"column":26}},"loc":{"start":{"line":663,"column":51},"end":{"line":669,"column":1}},"line":663},"23":{"name":"(anonymous_23)","decl":{"start":{"line":680,"column":26},"end":{"line":680,"column":27}},"loc":{"start":{"line":680,"column":46},"end":{"line":682,"column":1}},"line":680},"24":{"name":"(anonymous_24)","decl":{"start":{"line":700,"column":19},"end":{"line":700,"column":20}},"loc":{"start":{"line":700,"column":45},"end":{"line":703,"column":1}},"line":700},"25":{"name":"(anonymous_25)","decl":{"start":{"line":715,"column":20},"end":{"line":715,"column":21}},"loc":{"start":{"line":715,"column":40},"end":{"line":717,"column":1}},"line":715},"26":{"name":"(anonymous_26)","decl":{"start":{"line":729,"column":24},"end":{"line":729,"column":25}},"loc":{"start":{"line":729,"column":44},"end":{"line":731,"column":1}},"line":729},"27":{"name":"(anonymous_27)","decl":{"start":{"line":745,"column":25},"end":{"line":745,"column":26}},"loc":{"start":{"line":745,"column":51},"end":{"line":748,"column":1}},"line":745},"28":{"name":"(anonymous_28)","decl":{"start":{"line":761,"column":26},"end":{"line":761,"column":27}},"loc":{"start":{"line":761,"column":52},"end":{"line":764,"column":1}},"line":761},"29":{"name":"(anonymous_29)","decl":{"start":{"line":776,"column":27},"end":{"line":776,"column":28}},"loc":{"start":{"line":776,"column":47},"end":{"line":778,"column":1}},"line":776},"30":{"name":"(anonymous_30)","decl":{"start":{"line":783,"column":33},"end":{"line":783,"column":34}},"loc":{"start":{"line":783,"column":59},"end":{"line":813,"column":1}},"line":783},"31":{"name":"(anonymous_31)","decl":{"start":{"line":785,"column":19},"end":{"line":785,"column":20}},"loc":{"start":{"line":785,"column":31},"end":{"line":787,"column":3}},"line":785},"32":{"name":"(anonymous_32)","decl":{"start":{"line":791,"column":23},"end":{"line":791,"column":24}},"loc":{"start":{"line":791,"column":43},"end":{"line":810,"column":3}},"line":791},"33":{"name":"(anonymous_33)","decl":{"start":{"line":800,"column":144},"end":{"line":800,"column":145}},"loc":{"start":{"line":800,"column":161},"end":{"line":808,"column":7}},"line":800}},"branchMap":{"0":{"loc":{"start":{"line":84,"column":2},"end":{"line":87,"column":3}},"type":"if","locations":[{"start":{"line":84,"column":2},"end":{"line":87,"column":3}},{"start":{},"end":{}}],"line":84},"1":{"loc":{"start":{"line":90,"column":2},"end":{"line":96,"column":3}},"type":"if","locations":[{"start":{"line":90,"column":2},"end":{"line":96,"column":3}},{"start":{"line":92,"column":9},"end":{"line":96,"column":3}}],"line":90},"2":{"loc":{"start":{"line":90,"column":6},"end":{"line":90,"column":44}},"type":"binary-expr","locations":[{"start":{"line":90,"column":6},"end":{"line":90,"column":25}},{"start":{"line":90,"column":29},"end":{"line":90,"column":44}}],"line":90},"3":{"loc":{"start":{"line":92,"column":9},"end":{"line":96,"column":3}},"type":"if","locations":[{"start":{"line":92,"column":9},"end":{"line":96,"column":3}},{"start":{"line":94,"column":9},"end":{"line":96,"column":3}}],"line":92},"4":{"loc":{"start":{"line":92,"column":13},"end":{"line":92,"column":51}},"type":"binary-expr","locations":[{"start":{"line":92,"column":13},"end":{"line":92,"column":31}},{"start":{"line":92,"column":35},"end":{"line":92,"column":51}}],"line":92},"5":{"loc":{"start":{"line":100,"column":4},"end":{"line":152,"column":5}},"type":"if","locations":[{"start":{"line":100,"column":4},"end":{"line":152,"column":5}},{"start":{"line":106,"column":11},"end":{"line":152,"column":5}}],"line":100},"6":{"loc":{"start":{"line":106,"column":11},"end":{"line":152,"column":5}},"type":"if","locations":[{"start":{"line":106,"column":11},"end":{"line":152,"column":5}},{"start":{"line":110,"column":11},"end":{"line":152,"column":5}}],"line":106},"7":{"loc":{"start":{"line":114,"column":6},"end":{"line":151,"column":7}},"type":"if","locations":[{"start":{"line":114,"column":6},"end":{"line":151,"column":7}},{"start":{"line":118,"column":13},"end":{"line":151,"column":7}}],"line":114},"8":{"loc":{"start":{"line":122,"column":8},"end":{"line":150,"column":9}},"type":"if","locations":[{"start":{"line":122,"column":8},"end":{"line":150,"column":9}},{"start":{"line":125,"column":15},"end":{"line":150,"column":9}}],"line":122},"9":{"loc":{"start":{"line":128,"column":12},"end":{"line":148,"column":13}},"type":"if","locations":[{"start":{"line":128,"column":12},"end":{"line":148,"column":13}},{"start":{"line":133,"column":19},"end":{"line":148,"column":13}}],"line":128},"10":{"loc":{"start":{"line":133,"column":19},"end":{"line":148,"column":13}},"type":"if","locations":[{"start":{"line":133,"column":19},"end":{"line":148,"column":13}},{"start":{"line":145,"column":19},"end":{"line":148,"column":13}}],"line":133},"11":{"loc":{"start":{"line":156,"column":2},"end":{"line":169,"column":3}},"type":"if","locations":[{"start":{"line":156,"column":2},"end":{"line":169,"column":3}},{"start":{"line":161,"column":9},"end":{"line":169,"column":3}}],"line":156},"12":{"loc":{"start":{"line":161,"column":9},"end":{"line":169,"column":3}},"type":"if","locations":[{"start":{"line":161,"column":9},"end":{"line":169,"column":3}},{"start":{"line":166,"column":9},"end":{"line":169,"column":3}}],"line":161},"13":{"loc":{"start":{"line":197,"column":2},"end":{"line":242,"column":3}},"type":"if","locations":[{"start":{"line":197,"column":2},"end":{"line":242,"column":3}},{"start":{"line":238,"column":9},"end":{"line":242,"column":3}}],"line":197},"14":{"loc":{"start":{"line":203,"column":6},"end":{"line":235,"column":7}},"type":"if","locations":[{"start":{"line":203,"column":6},"end":{"line":235,"column":7}},{"start":{"line":210,"column":13},"end":{"line":235,"column":7}}],"line":203},"15":{"loc":{"start":{"line":217,"column":8},"end":{"line":234,"column":9}},"type":"if","locations":[{"start":{"line":217,"column":8},"end":{"line":234,"column":9}},{"start":{"line":223,"column":15},"end":{"line":234,"column":9}}],"line":217},"16":{"loc":{"start":{"line":300,"column":2},"end":{"line":302,"column":3}},"type":"if","locations":[{"start":{"line":300,"column":2},"end":{"line":302,"column":3}},{"start":{},"end":{}}],"line":300},"17":{"loc":{"start":{"line":305,"column":2},"end":{"line":307,"column":3}},"type":"if","locations":[{"start":{"line":305,"column":2},"end":{"line":307,"column":3}},{"start":{},"end":{}}],"line":305},"18":{"loc":{"start":{"line":308,"column":2},"end":{"line":310,"column":3}},"type":"if","locations":[{"start":{"line":308,"column":2},"end":{"line":310,"column":3}},{"start":{},"end":{}}],"line":308},"19":{"loc":{"start":{"line":311,"column":2},"end":{"line":313,"column":3}},"type":"if","locations":[{"start":{"line":311,"column":2},"end":{"line":313,"column":3}},{"start":{},"end":{}}],"line":311},"20":{"loc":{"start":{"line":314,"column":2},"end":{"line":316,"column":3}},"type":"if","locations":[{"start":{"line":314,"column":2},"end":{"line":316,"column":3}},{"start":{},"end":{}}],"line":314},"21":{"loc":{"start":{"line":317,"column":2},"end":{"line":319,"column":3}},"type":"if","locations":[{"start":{"line":317,"column":2},"end":{"line":319,"column":3}},{"start":{},"end":{}}],"line":317},"22":{"loc":{"start":{"line":321,"column":2},"end":{"line":388,"column":3}},"type":"if","locations":[{"start":{"line":321,"column":2},"end":{"line":388,"column":3}},{"start":{"line":386,"column":9},"end":{"line":388,"column":3}}],"line":321},"23":{"loc":{"start":{"line":328,"column":6},"end":{"line":332,"column":7}},"type":"if","locations":[{"start":{"line":328,"column":6},"end":{"line":332,"column":7}},{"start":{},"end":{}}],"line":328},"24":{"loc":{"start":{"line":343,"column":8},"end":{"line":382,"column":9}},"type":"if","locations":[{"start":{"line":343,"column":8},"end":{"line":382,"column":9}},{"start":{"line":369,"column":15},"end":{"line":382,"column":9}}],"line":343},"25":{"loc":{"start":{"line":345,"column":10},"end":{"line":367,"column":11}},"type":"if","locations":[{"start":{"line":345,"column":10},"end":{"line":367,"column":11}},{"start":{"line":362,"column":17},"end":{"line":367,"column":11}}],"line":345},"26":{"loc":{"start":{"line":347,"column":12},"end":{"line":360,"column":13}},"type":"if","locations":[{"start":{"line":347,"column":12},"end":{"line":360,"column":13}},{"start":{"line":351,"column":19},"end":{"line":360,"column":13}}],"line":347},"27":{"loc":{"start":{"line":351,"column":19},"end":{"line":360,"column":13}},"type":"if","locations":[{"start":{"line":351,"column":19},"end":{"line":360,"column":13}},{"start":{"line":355,"column":19},"end":{"line":360,"column":13}}],"line":351},"28":{"loc":{"start":{"line":417,"column":2},"end":{"line":439,"column":3}},"type":"if","locations":[{"start":{"line":417,"column":2},"end":{"line":439,"column":3}},{"start":{"line":434,"column":9},"end":{"line":439,"column":3}}],"line":417},"29":{"loc":{"start":{"line":477,"column":2},"end":{"line":479,"column":3}},"type":"if","locations":[{"start":{"line":477,"column":2},"end":{"line":479,"column":3}},{"start":{},"end":{}}],"line":477},"30":{"loc":{"start":{"line":480,"column":2},"end":{"line":482,"column":3}},"type":"if","locations":[{"start":{"line":480,"column":2},"end":{"line":482,"column":3}},{"start":{},"end":{}}],"line":480},"31":{"loc":{"start":{"line":485,"column":2},"end":{"line":487,"column":3}},"type":"if","locations":[{"start":{"line":485,"column":2},"end":{"line":487,"column":3}},{"start":{},"end":{}}],"line":485},"32":{"loc":{"start":{"line":492,"column":2},"end":{"line":551,"column":3}},"type":"if","locations":[{"start":{"line":492,"column":2},"end":{"line":551,"column":3}},{"start":{"line":549,"column":9},"end":{"line":551,"column":3}}],"line":492},"33":{"loc":{"start":{"line":504,"column":6},"end":{"line":547,"column":7}},"type":"if","locations":[{"start":{"line":504,"column":6},"end":{"line":547,"column":7}},{"start":{"line":529,"column":13},"end":{"line":547,"column":7}}],"line":504},"34":{"loc":{"start":{"line":506,"column":8},"end":{"line":527,"column":9}},"type":"if","locations":[{"start":{"line":506,"column":8},"end":{"line":527,"column":9}},{"start":{"line":522,"column":15},"end":{"line":527,"column":9}}],"line":506},"35":{"loc":{"start":{"line":508,"column":10},"end":{"line":521,"column":11}},"type":"if","locations":[{"start":{"line":508,"column":10},"end":{"line":521,"column":11}},{"start":{"line":512,"column":17},"end":{"line":521,"column":11}}],"line":508},"36":{"loc":{"start":{"line":512,"column":17},"end":{"line":521,"column":11}},"type":"if","locations":[{"start":{"line":512,"column":17},"end":{"line":521,"column":11}},{"start":{"line":516,"column":17},"end":{"line":521,"column":11}}],"line":512},"37":{"loc":{"start":{"line":600,"column":2},"end":{"line":602,"column":3}},"type":"if","locations":[{"start":{"line":600,"column":2},"end":{"line":602,"column":3}},{"start":{},"end":{}}],"line":600},"38":{"loc":{"start":{"line":646,"column":2},"end":{"line":648,"column":3}},"type":"if","locations":[{"start":{"line":646,"column":2},"end":{"line":648,"column":3}},{"start":{},"end":{}}],"line":646},"39":{"loc":{"start":{"line":664,"column":2},"end":{"line":666,"column":3}},"type":"if","locations":[{"start":{"line":664,"column":2},"end":{"line":666,"column":3}},{"start":{},"end":{}}],"line":664},"40":{"loc":{"start":{"line":792,"column":4},"end":{"line":809,"column":5}},"type":"if","locations":[{"start":{"line":792,"column":4},"end":{"line":809,"column":5}},{"start":{"line":799,"column":11},"end":{"line":809,"column":5}}],"line":792},"41":{"loc":{"start":{"line":796,"column":6},"end":{"line":798,"column":7}},"type":"if","locations":[{"start":{"line":796,"column":6},"end":{"line":798,"column":7}},{"start":{},"end":{}}],"line":796},"42":{"loc":{"start":{"line":801,"column":8},"end":{"line":807,"column":9}},"type":"if","locations":[{"start":{"line":801,"column":8},"end":{"line":807,"column":9}},{"start":{"line":803,"column":15},"end":{"line":807,"column":9}}],"line":801},"43":{"loc":{"start":{"line":804,"column":10},"end":{"line":806,"column":11}},"type":"if","locations":[{"start":{"line":804,"column":10},"end":{"line":806,"column":11}},{"start":{},"end":{}}],"line":804}},"s":{"0":1,"1":1,"2":1,"3":1,"4":1,"5":1,"6":1,"7":1,"8":1,"9":1,"10":1,"11":1,"12":0,"13":1,"14":0,"15":1,"16":1,"17":1,"18":2,"19":2,"20":2,"21":0,"22":0,"23":2,"24":2,"25":1,"26":1,"27":1,"28":0,"29":2,"30":2,"31":0,"32":0,"33":0,"34":2,"35":0,"36":2,"37":0,"38":2,"39":0,"40":2,"41":2,"42":0,"43":0,"44":2,"45":2,"46":2,"47":2,"48":0,"49":2,"50":1,"51":1,"52":1,"53":0,"54":1,"55":0,"56":0,"57":0,"58":0,"59":0,"60":0,"61":0,"62":0,"63":0,"64":0,"65":0,"66":0,"67":0,"68":0,"69":0,"70":1,"71":0,"72":1,"73":1,"74":1,"75":1,"76":1,"77":1,"78":0,"79":1,"80":1,"81":0,"82":1,"83":0,"84":1,"85":0,"86":1,"87":0,"88":1,"89":0,"90":1,"91":1,"92":1,"93":0,"94":0,"95":0,"96":1,"97":1,"98":1,"99":0,"100":0,"101":0,"102":0,"103":0,"104":0,"105":0,"106":0,"107":0,"108":0,"109":0,"110":1,"111":1,"112":1,"113":0,"114":1,"115":0,"116":0,"117":0,"118":0,"119":0,"120":0,"121":0,"122":0,"123":0,"124":1,"125":0,"126":0,"127":0,"128":0,"129":0,"130":0,"131":0,"132":0,"133":0,"134":0,"135":0,"136":0,"137":0,"138":0,"139":0,"140":0,"141":0,"142":0,"143":0,"144":0,"145":0,"146":0,"147":0,"148":0,"149":0,"150":0,"151":0,"152":0,"153":0,"154":0,"155":0,"156":1,"157":1,"158":1,"159":1,"160":1,"161":1,"162":2,"163":1,"164":1,"165":1,"166":1,"167":1,"168":1,"169":1,"170":1,"171":4,"172":1,"173":3,"174":3,"175":1,"176":2,"177":1,"178":1,"179":1,"180":1,"181":1,"182":1,"183":2,"184":2,"185":1,"186":1,"187":1,"188":1,"189":1,"190":4,"191":4,"192":1,"193":2,"194":2,"195":1,"196":1,"197":1,"198":1,"199":0,"200":0,"201":0,"202":0,"203":0,"204":0,"205":0,"206":0,"207":0,"208":0,"209":0,"210":0,"211":0},"f":{"0":0,"1":0,"2":1,"3":2,"4":2,"5":2,"6":0,"7":0,"8":0,"9":1,"10":1,"11":1,"12":1,"13":0,"14":0,"15":0,"16":1,"17":1,"18":2,"19":1,"20":1,"21":4,"22":2,"23":1,"24":2,"25":1,"26":1,"27":4,"28":2,"29":1,"30":0,"31":0,"32":0,"33":0},"b":{"0":[0,2],"1":[1,1],"2":[2,1],"3":[1,0],"4":[1,1],"5":[0,2],"6":[0,2],"7":[0,2],"8":[0,2],"9":[0,2],"10":[2,0],"11":[1,1],"12":[1,0],"13":[0,0],"14":[0,0],"15":[0,0],"16":[0,1],"17":[0,1],"18":[0,1],"19":[0,1],"20":[0,1],"21":[0,1],"22":[1,0],"23":[0,1],"24":[0,1],"25":[0,0],"26":[0,0],"27":[0,0],"28":[0,0],"29":[0,0],"30":[0,0],"31":[0,0],"32":[0,0],"33":[0,0],"34":[0,0],"35":[0,0],"36":[0,0],"37":[1,1],"38":[1,3],"39":[1,1],"40":[0,0],"41":[0,0],"42":[0,0],"43":[0,0]},"_coverageSchema":"1a1c01bbd47fc00a2c39e90264f33305004495a9","hash":"d336705ff6b1273834e6dc3bff61bd075e528c74"}
}
