TN:
SF:models\User.js
FN:43,(anonymous_0)
FN:66,(anonymous_1)
FN:85,(anonymous_2)
FN:120,(anonymous_3)
FN:142,(anonymous_4)
FNF:5
FNH:4
FNDA:5,(anonymous_0)
FNDA:3,(anonymous_1)
FNDA:7,(anonymous_2)
FNDA:36,(anonymous_3)
FNDA:0,(anonymous_4)
DA:1,1
DA:2,1
DA:3,1
DA:5,1
DA:6,1
DA:8,1
DA:16,1
DA:22,1
DA:27,1
DA:29,1
DA:43,1
DA:45,5
DA:46,5
DA:48,1
DA:51,4
DA:52,4
DA:54,4
DA:62,0
DA:66,1
DA:68,3
DA:69,3
DA:71,1
DA:74,2
DA:75,2
DA:77,2
DA:80,0
DA:85,1
DA:86,7
DA:87,7
DA:89,1
DA:92,6
DA:93,6
DA:95,6
DA:96,0
DA:99,6
DA:115,6
DA:116,6
DA:117,2
DA:120,6
DA:121,36
DA:122,14
DA:123,22
DA:124,8
DA:129,6
DA:130,6
DA:131,2
DA:133,4
DA:137,6
DA:138,4
DA:141,2
DA:143,0
DA:146,2
DA:149,1
LF:53
LH:49
BRDA:52,0,0,4
BRDA:52,0,1,0
BRDA:75,1,0,2
BRDA:75,1,1,0
BRDA:95,2,0,0
BRDA:95,2,1,6
BRDA:116,3,0,2
BRDA:116,3,1,4
BRDA:116,4,0,6
BRDA:116,4,1,6
BRDA:121,5,0,14
BRDA:121,5,1,22
BRDA:121,6,0,36
BRDA:121,6,1,30
BRDA:123,7,0,8
BRDA:123,7,1,14
BRDA:129,8,0,6
BRDA:129,8,1,0
BRDA:130,9,0,2
BRDA:130,9,1,4
BRDA:137,10,0,4
BRDA:137,10,1,2
BRF:22
BRH:18
end_of_record
TN:
SF:modules\mongoConnection.js
FN:10,createIndexes
FN:13,(anonymous_1)
FN:14,(anonymous_2)
FN:15,(anonymous_3)
FN:16,(anonymous_4)
FN:17,(anonymous_5)
FN:23,(anonymous_6)
FN:24,(anonymous_7)
FN:28,(anonymous_8)
FN:29,(anonymous_9)
FN:33,(anonymous_10)
FN:34,(anonymous_11)
FN:38,(anonymous_12)
FN:39,(anonymous_13)
FN:46,(anonymous_14)
FN:47,(anonymous_15)
FN:51,(anonymous_16)
FN:52,(anonymous_17)
FN:56,(anonymous_18)
FN:57,(anonymous_19)
FN:65,(anonymous_20)
FN:69,con
FN:71,(anonymous_22)
FN:74,(anonymous_23)
FN:81,(anonymous_24)
FN:88,(anonymous_25)
FN:89,(anonymous_26)
FN:93,(anonymous_27)
FN:96,(anonymous_28)
FN:99,(anonymous_29)
FN:102,(anonymous_30)
FN:105,(anonymous_31)
FN:108,(anonymous_32)
FNF:33
FNH:3
FNDA:0,createIndexes
FNDA:0,(anonymous_1)
FNDA:0,(anonymous_2)
FNDA:0,(anonymous_3)
FNDA:0,(anonymous_4)
FNDA:0,(anonymous_5)
FNDA:0,(anonymous_6)
FNDA:0,(anonymous_7)
FNDA:0,(anonymous_8)
FNDA:0,(anonymous_9)
FNDA:0,(anonymous_10)
FNDA:0,(anonymous_11)
FNDA:0,(anonymous_12)
FNDA:0,(anonymous_13)
FNDA:0,(anonymous_14)
FNDA:0,(anonymous_15)
FNDA:0,(anonymous_16)
FNDA:0,(anonymous_17)
FNDA:0,(anonymous_18)
FNDA:0,(anonymous_19)
FNDA:0,(anonymous_20)
FNDA:0,con
FNDA:0,(anonymous_22)
FNDA:0,(anonymous_23)
FNDA:0,(anonymous_24)
FNDA:0,(anonymous_25)
FNDA:0,(anonymous_26)
FNDA:1,(anonymous_27)
FNDA:0,(anonymous_28)
FNDA:1,(anonymous_29)
FNDA:86,(anonymous_30)
FNDA:0,(anonymous_31)
FNDA:0,(anonymous_32)
DA:1,1
DA:2,1
DA:13,0
DA:14,0
DA:15,0
DA:16,0
DA:17,0
DA:23,0
DA:24,0
DA:25,0
DA:28,0
DA:29,0
DA:30,0
DA:33,0
DA:34,0
DA:35,0
DA:38,0
DA:39,0
DA:40,0
DA:46,0
DA:47,0
DA:48,0
DA:51,0
DA:52,0
DA:53,0
DA:56,0
DA:57,0
DA:58,0
DA:63,1
DA:67,0
DA:70,0
DA:71,0
DA:72,0
DA:73,0
DA:74,0
DA:75,0
DA:78,0
DA:79,0
DA:81,0
DA:82,0
DA:89,0
DA:90,0
DA:94,1
DA:97,0
DA:100,1
DA:103,86
DA:106,0
DA:110,0
DA:112,0
DA:113,0
DA:116,0
LF:51
LH:6
BRDA:72,0,0,0
BRDA:72,0,1,0
BRDA:110,1,0,0
BRDA:110,1,1,0
BRDA:110,2,0,0
BRDA:110,2,1,0
BRDA:110,2,2,0
BRDA:112,3,0,0
BRDA:112,3,1,0
BRF:9
BRH:0
end_of_record
TN:
SF:modules\rpi.js
FNF:0
FNH:0
DA:1,1
DA:4,1
DA:5,1
DA:7,1
DA:16,1
LF:5
LH:5
BRF:0
BRH:0
end_of_record
TN:
SF:modules\schoolList.js
FN:4,(anonymous_0)
FN:7,(anonymous_1)
FNF:2
FNH:1
FNDA:1,(anonymous_0)
FNDA:0,(anonymous_1)
DA:1,1
DA:3,1
DA:5,1
DA:8,0
LF:4
LH:3
BRF:0
BRH:0
end_of_record
TN:
SF:modules\utils.js
FN:14,createResponse
FN:29,validateID
FN:44,isLoggedIn
FN:51,checkPollPublic
FN:77,isEmpty
FN:86,getResultErrors
FN:98,createModel
FNF:7
FNH:5
FNDA:29,createResponse
FNDA:0,validateID
FNDA:8,isLoggedIn
FNDA:0,checkPollPublic
FNDA:9,isEmpty
FNDA:9,getResultErrors
FNDA:13,createModel
DA:1,1
DA:15,29
DA:18,29
DA:19,14
DA:21,29
DA:22,19
DA:24,29
DA:30,0
DA:31,0
DA:32,0
DA:34,0
DA:35,0
DA:38,0
DA:40,0
DA:45,8
DA:53,0
DA:54,0
DA:55,0
DA:57,0
DA:59,0
DA:60,0
DA:61,0
DA:62,0
DA:64,0
DA:65,0
DA:69,0
DA:70,0
DA:72,0
DA:78,9
DA:79,6
DA:80,6
DA:83,3
DA:87,9
DA:88,9
DA:89,2
DA:90,2
DA:91,2
DA:95,9
DA:99,13
DA:100,13
DA:101,143
DA:102,89
DA:105,13
DA:108,1
LF:44
LH:24
BRDA:16,0,0,10
BRDA:16,0,1,19
BRDA:18,1,0,14
BRDA:18,1,1,15
BRDA:21,2,0,19
BRDA:21,2,1,10
BRDA:34,3,0,0
BRDA:34,3,1,0
BRDA:45,4,0,8
BRDA:45,4,1,5
BRDA:54,5,0,0
BRDA:54,5,1,0
BRDA:62,6,0,0
BRDA:62,6,1,0
BRDA:64,7,0,0
BRDA:64,7,1,0
BRDA:79,8,0,6
BRDA:79,8,1,0
BRDA:88,9,0,2
BRDA:88,9,1,7
BRDA:90,10,0,2
BRDA:90,10,1,0
BRDA:101,11,0,89
BRDA:101,11,1,54
BRF:24
BRH:14
end_of_record
TN:
SF:routes\users.js
FN:23,(anonymous_0)
FN:37,(anonymous_1)
FN:51,(anonymous_2)
FN:70,(anonymous_3)
FN:99,(anonymous_4)
FN:127,(anonymous_5)
FN:191,(anonymous_6)
FN:202,(anonymous_7)
FN:256,(anonymous_8)
FN:270,(anonymous_9)
FN:290,(anonymous_10)
FN:325,(anonymous_11)
FN:342,(anonymous_12)
FN:407,(anonymous_13)
FN:461,(anonymous_14)
FN:503,(anonymous_15)
FN:566,(anonymous_16)
FN:585,(anonymous_17)
FN:599,(anonymous_18)
FN:617,(anonymous_19)
FN:630,(anonymous_20)
FN:645,(anonymous_21)
FN:663,(anonymous_22)
FN:680,(anonymous_23)
FN:700,(anonymous_24)
FN:715,(anonymous_25)
FN:729,(anonymous_26)
FN:745,(anonymous_27)
FN:761,(anonymous_28)
FN:776,(anonymous_29)
FN:783,(anonymous_30)
FN:785,(anonymous_31)
FN:791,(anonymous_32)
FN:800,(anonymous_33)
FNF:34
FNH:22
FNDA:0,(anonymous_0)
FNDA:0,(anonymous_1)
FNDA:1,(anonymous_2)
FNDA:2,(anonymous_3)
FNDA:2,(anonymous_4)
FNDA:2,(anonymous_5)
FNDA:0,(anonymous_6)
FNDA:0,(anonymous_7)
FNDA:0,(anonymous_8)
FNDA:1,(anonymous_9)
FNDA:1,(anonymous_10)
FNDA:1,(anonymous_11)
FNDA:1,(anonymous_12)
FNDA:0,(anonymous_13)
FNDA:0,(anonymous_14)
FNDA:0,(anonymous_15)
FNDA:1,(anonymous_16)
FNDA:1,(anonymous_17)
FNDA:2,(anonymous_18)
FNDA:1,(anonymous_19)
FNDA:1,(anonymous_20)
FNDA:4,(anonymous_21)
FNDA:2,(anonymous_22)
FNDA:1,(anonymous_23)
FNDA:2,(anonymous_24)
FNDA:1,(anonymous_25)
FNDA:1,(anonymous_26)
FNDA:4,(anonymous_27)
FNDA:2,(anonymous_28)
FNDA:1,(anonymous_29)
FNDA:0,(anonymous_30)
FNDA:0,(anonymous_31)
FNDA:0,(anonymous_32)
FNDA:0,(anonymous_33)
DA:1,1
DA:2,1
DA:3,1
DA:4,1
DA:5,1
DA:6,1
DA:7,1
DA:9,1
DA:10,1
DA:11,1
DA:12,1
DA:23,1
DA:24,0
DA:37,1
DA:38,0
DA:51,1
DA:52,1
DA:70,1
DA:76,2
DA:83,2
DA:84,2
DA:85,0
DA:86,0
DA:89,2
DA:90,2
DA:91,1
DA:92,1
DA:93,1
DA:95,0
DA:99,2
DA:100,2
DA:102,0
DA:103,0
DA:104,0
DA:106,2
DA:108,0
DA:114,2
DA:116,0
DA:122,2
DA:123,0
DA:127,2
DA:128,2
DA:130,0
DA:131,0
DA:133,2
DA:135,2
DA:136,2
DA:139,2
DA:147,0
DA:156,2
DA:157,1
DA:161,1
DA:162,1
DA:168,0
DA:191,1
DA:197,0
DA:200,0
DA:203,0
DA:205,0
DA:206,0
DA:208,0
DA:214,0
DA:215,0
DA:217,0
DA:221,0
DA:227,0
DA:228,0
DA:231,0
DA:240,0
DA:241,0
DA:256,1
DA:257,0
DA:270,1
DA:271,1
DA:290,1
DA:291,1
DA:299,1
DA:300,1
DA:301,0
DA:304,1
DA:305,1
DA:306,0
DA:308,1
DA:309,0
DA:311,1
DA:312,0
DA:314,1
DA:315,0
DA:317,1
DA:318,0
DA:321,1
DA:325,1
DA:328,1
DA:329,0
DA:330,0
DA:331,0
DA:334,1
DA:342,1
DA:343,1
DA:345,0
DA:347,0
DA:349,0
DA:351,0
DA:353,0
DA:357,0
DA:358,0
DA:359,0
DA:364,0
DA:365,0
DA:366,0
DA:373,1
DA:374,1
DA:377,1
DA:387,0
DA:407,1
DA:417,0
DA:422,0
DA:423,0
DA:424,0
DA:427,0
DA:428,0
DA:431,0
DA:436,0
DA:438,0
DA:461,1
DA:469,0
DA:474,0
DA:475,0
DA:477,0
DA:478,0
DA:480,0
DA:481,0
DA:485,0
DA:486,0
DA:489,0
DA:490,0
DA:492,0
DA:494,0
DA:503,0
DA:504,0
DA:506,0
DA:508,0
DA:510,0
DA:512,0
DA:514,0
DA:518,0
DA:519,0
DA:520,0
DA:524,0
DA:525,0
DA:526,0
DA:534,0
DA:537,0
DA:538,0
DA:541,0
DA:550,0
DA:566,1
DA:569,1
DA:571,1
DA:585,1
DA:586,1
DA:599,1
DA:600,2
DA:601,1
DA:603,1
DA:604,1
DA:617,1
DA:618,1
DA:630,1
DA:631,1
DA:645,1
DA:646,4
DA:647,1
DA:649,3
DA:650,3
DA:663,1
DA:664,2
DA:665,1
DA:667,1
DA:668,1
DA:680,1
DA:681,1
DA:700,1
DA:701,2
DA:702,2
DA:715,1
DA:716,1
DA:729,1
DA:730,1
DA:745,1
DA:746,4
DA:747,4
DA:761,1
DA:762,2
DA:763,2
DA:776,1
DA:777,1
DA:780,1
DA:783,1
DA:785,0
DA:786,0
DA:791,0
DA:792,0
DA:793,0
DA:796,0
DA:797,0
DA:800,0
DA:801,0
DA:802,0
DA:804,0
DA:805,0
DA:812,0
LF:212
LH:107
BRDA:84,0,0,0
BRDA:84,0,1,2
BRDA:90,1,0,1
BRDA:90,1,1,1
BRDA:90,2,0,2
BRDA:90,2,1,1
BRDA:92,3,0,1
BRDA:92,3,1,0
BRDA:92,4,0,1
BRDA:92,4,1,1
BRDA:100,5,0,0
BRDA:100,5,1,2
BRDA:106,6,0,0
BRDA:106,6,1,2
BRDA:114,7,0,0
BRDA:114,7,1,2
BRDA:122,8,0,0
BRDA:122,8,1,2
BRDA:128,9,0,0
BRDA:128,9,1,2
BRDA:133,10,0,2
BRDA:133,10,1,0
BRDA:156,11,0,1
BRDA:156,11,1,1
BRDA:161,12,0,1
BRDA:161,12,1,0
BRDA:197,13,0,0
BRDA:197,13,1,0
BRDA:203,14,0,0
BRDA:203,14,1,0
BRDA:217,15,0,0
BRDA:217,15,1,0
BRDA:300,16,0,0
BRDA:300,16,1,1
BRDA:305,17,0,0
BRDA:305,17,1,1
BRDA:308,18,0,0
BRDA:308,18,1,1
BRDA:311,19,0,0
BRDA:311,19,1,1
BRDA:314,20,0,0
BRDA:314,20,1,1
BRDA:317,21,0,0
BRDA:317,21,1,1
BRDA:321,22,0,1
BRDA:321,22,1,0
BRDA:328,23,0,0
BRDA:328,23,1,1
BRDA:343,24,0,0
BRDA:343,24,1,1
BRDA:345,25,0,0
BRDA:345,25,1,0
BRDA:347,26,0,0
BRDA:347,26,1,0
BRDA:351,27,0,0
BRDA:351,27,1,0
BRDA:417,28,0,0
BRDA:417,28,1,0
BRDA:477,29,0,0
BRDA:477,29,1,0
BRDA:480,30,0,0
BRDA:480,30,1,0
BRDA:485,31,0,0
BRDA:485,31,1,0
BRDA:492,32,0,0
BRDA:492,32,1,0
BRDA:504,33,0,0
BRDA:504,33,1,0
BRDA:506,34,0,0
BRDA:506,34,1,0
BRDA:508,35,0,0
BRDA:508,35,1,0
BRDA:512,36,0,0
BRDA:512,36,1,0
BRDA:600,37,0,1
BRDA:600,37,1,1
BRDA:646,38,0,1
BRDA:646,38,1,3
BRDA:664,39,0,1
BRDA:664,39,1,1
BRDA:792,40,0,0
BRDA:792,40,1,0
BRDA:796,41,0,0
BRDA:796,41,1,0
BRDA:801,42,0,0
BRDA:801,42,1,0
BRDA:804,43,0,0
BRDA:804,43,1,0
BRF:88
BRH:32
end_of_record
